<?xml version="1.0" encoding="UTF-8"?>
<testng-results ignored="0" total="1" passed="1" failed="0" skipped="0">
  <reporter-output>
  </reporter-output>
  <suite started-at="2022-01-18T00:44:26Z" name="Default suite" finished-at="2022-01-18T00:44:33Z" duration-ms="6987">
    <groups>
    </groups>
    <test started-at="2022-01-18T00:44:26Z" name="Default test" finished-at="2022-01-18T00:44:33Z" duration-ms="6987">
      <class name="demo1.Login_Test">
        <test-method is-config="true" signature="beforeMethod()[pri:0, instance:demo1.Login_Test@27d5a580]" started-at="2022-01-18T00:44:26Z" name="beforeMethod" finished-at="2022-01-18T00:44:31Z" duration-ms="5719" status="PASS">
          <reporter-output>
          </reporter-output>
        </test-method> <!-- beforeMethod -->
        <test-method signature="search()[pri:0, instance:demo1.Login_Test@27d5a580]" started-at="2022-01-18T00:44:31Z" name="search" finished-at="2022-01-18T00:44:32Z" duration-ms="111" status="PASS">
          <reporter-output>
          </reporter-output>
        </test-method> <!-- search -->
        <test-method is-config="true" signature="afterMethod()[pri:0, instance:demo1.Login_Test@27d5a580]" started-at="2022-01-18T00:44:32Z" name="afterMethod" finished-at="2022-01-18T00:44:33Z" duration-ms="1126" status="PASS">
          <reporter-output>
          </reporter-output>
        </test-method> <!-- afterMethod -->
      </class> <!-- demo1.Login_Test -->
    </test> <!-- Default test -->
  </suite> <!-- Default suite -->
</testng-results>
